Using pre-set license
Built from '2020.3/staging' branch; Version is '2020.3.0f1 (c7b5465681fb) revision 13088070'; Using compiler version '192528614'; Build Type 'Release'
OS: 'Windows 10 Education; OS build 19042.804; Version 2009; 64bit' Language: 'en' Physical Memory: 8108 MB
BatchMode: 1, IsHumanControllingUs: 0, StartBugReporterOnCrash: 0, Is64bit: 1, IsPro: 0

 COMMAND LINE ARGUMENTS:
C:\Program Files\Unity\Hub\Editor\2019.4.19f1\Editor\Unity.exe
-adb2
-batchMode
-noUpm
-name
AssetImportWorker0
-projectPath
C:/Users/nwesh/Documents/CPSC_Courses/CPSC236/CPSC236_SP21_ASSIGNMENT4/2D Space Shooter
-logFile
Logs/AssetImportWorker0.log
-srvPort
54948
Successfully changed project path to: C:/Users/nwesh/Documents/CPSC_Courses/CPSC236/CPSC236_SP21_ASSIGNMENT4/2D Space Shooter
C:/Users/nwesh/Documents/CPSC_Courses/CPSC236/CPSC236_SP21_ASSIGNMENT4/2D Space Shooter
Using Asset Import Pipeline V2.
Refreshing native plugins compatible for Editor in 98.93 ms, found 1 plugins.
Preloading 0 native plugins for Editor in 0.00 ms.
Initialize engine version: 2020.3.0f1 (c7b5465681fb)
[Subsystems] Discovering subsystems at path C:/Program Files/Unity/Hub/Editor/2019.4.19f1/Editor/Data/Resources/UnitySubsystems
[Subsystems] Discovering subsystems at path C:/Users/nwesh/Documents/CPSC_Courses/CPSC236/CPSC236_SP21_ASSIGNMENT4/2D Space Shooter/Assets
GfxDevice: creating device client; threaded=0
Direct3D:
    Version:  Direct3D 11.0 [level 11.1]
    Renderer: Intel(R) UHD Graphics 620 (ID=0x5917)
    Vendor:   
    VRAM:     4054 MB
    Driver:   26.20.100.7637
Initialize mono
Mono path[0] = 'C:/Program Files/Unity/Hub/Editor/2019.4.19f1/Editor/Data/Managed'
Mono path[1] = 'C:/Program Files/Unity/Hub/Editor/2019.4.19f1/Editor/Data/MonoBleedingEdge/lib/mono/unityjit'
Mono config path = 'C:/Program Files/Unity/Hub/Editor/2019.4.19f1/Editor/Data/MonoBleedingEdge/etc'
Using monoOptions --debugger-agent=transport=dt_socket,embedding=1,server=y,suspend=n,address=127.0.0.1:56484
Begin MonoManager ReloadAssembly
Registering precompiled unity dll's ...
Register platform support module: C:/Program Files/Unity/Hub/Editor/2019.4.19f1/Editor/Data/PlaybackEngines/WindowsStandaloneSupport/UnityEditor.WindowsStandalone.Extensions.dll
Registered in 0.006227 seconds.
Native extension for WindowsStandalone target not found
Refreshing native plugins compatible for Editor in 92.90 ms, found 1 plugins.
Preloading 0 native plugins for Editor in 0.00 ms.
Invoked RoslynAnalysisRunner static constructor.
RoslynAnalysisRunner will not be running.
RoslynAnalysisRunner has terminated.
Mono: successfully reloaded assembly
- Completed reload, in  2.990 seconds
Platform modules already initialized, skipping
Registering precompiled user dll's ...
Registered in 0.003005 seconds.
Begin MonoManager ReloadAssembly
Native extension for WindowsStandalone target not found
Refreshing native plugins compatible for Editor in 93.98 ms, found 1 plugins.
Preloading 0 native plugins for Editor in 0.00 ms.
Invoked RoslynAnalysisRunner static constructor.
RoslynAnalysisRunner will not be running.
RoslynAnalysisRunner has terminated.
Mono: successfully reloaded assembly
- Completed reload, in  2.558 seconds
Platform modules already initialized, skipping
========================================================================
Worker process is ready to serve import requests
Launched and connected shader compiler UnityShaderCompiler.exe after 0.16 seconds
Refreshing native plugins compatible for Editor in 0.68 ms, found 1 plugins.
Preloading 0 native plugins for Editor in 0.00 ms.
Unloading 1811 Unused Serialized files (Serialized files now loaded: 0)
System memory in use before: 85.3 MB.
System memory in use after: 85.3 MB.

Unloading 24 unused Assets to reduce memory usage. Loaded Objects now: 2254.
Total: 5.124400 ms (FindLiveObjects: 0.452300 ms CreateObjectMapping: 0.246700 ms MarkObjects: 4.125600 ms  DeleteObjects: 0.296900 ms)

========================================================================
Received Import Request.
  path: ProjectSettings/TagManager.asset
  artifactKey: Guid(00000000000000003000000000000000) Importer(815301076,1909f56bfc062723c751e8b465ee728b)
Start importing ProjectSettings/TagManager.asset using Guid(00000000000000003000000000000000) Importer(815301076,1909f56bfc062723c751e8b465ee728b)  -> (artifact id: 'd8a4f39ad5daf5993ed089fdca0c5356') in 0.210003 seconds
  Import took 0.222998 seconds .

========================================================================
Received Import Request.
  Time since last request: 6.379432 seconds.
  path: Assets/Prefabs/Enemy.prefab
  artifactKey: Guid(96961c0e170cca847a725c1bfca2119f) Importer(815301076,1909f56bfc062723c751e8b465ee728b)
Start importing Assets/Prefabs/Enemy.prefab using Guid(96961c0e170cca847a725c1bfca2119f) Importer(815301076,1909f56bfc062723c751e8b465ee728b)  -> (artifact id: 'fbe96d4f29d0dd35834ab3e372dd4160') in 0.286224 seconds
  Import took 0.300028 seconds .

========================================================================
Received Import Request.
  Time since last request: 4.762862 seconds.
  path: Assets/Prefabs/Enemy Bullet.prefab
  artifactKey: Guid(76d984e9f874e6045aa6cb8b3cee3d1b) Importer(815301076,1909f56bfc062723c751e8b465ee728b)
Start importing Assets/Prefabs/Enemy Bullet.prefab using Guid(76d984e9f874e6045aa6cb8b3cee3d1b) Importer(815301076,1909f56bfc062723c751e8b465ee728b)  -> (artifact id: '44fdf93ba23bb6ac610da70d3664582a') in 0.039091 seconds
  Import took 0.050405 seconds .

========================================================================
Received Import Request.
  Time since last request: 0.013740 seconds.
  path: Assets/Prefabs/Enemy Bullet.prefab
  artifactKey: Guid(76d984e9f874e6045aa6cb8b3cee3d1b) Importer(815301076,1909f56bfc062723c751e8b465ee728b)
Start importing Assets/Prefabs/Enemy Bullet.prefab using Guid(76d984e9f874e6045aa6cb8b3cee3d1b) Importer(815301076,1909f56bfc062723c751e8b465ee728b)  -> (artifact id: '44fdf93ba23bb6ac610da70d3664582a') in 0.044436 seconds
  Import took 0.054551 seconds .

========================================================================
Received Import Request.
  Time since last request: 5.151915 seconds.
  path: Assets/Prefabs/Player Bullet.prefab
  artifactKey: Guid(da1f01bd4d44c814a81cd7db4b6a7c8a) Importer(815301076,1909f56bfc062723c751e8b465ee728b)
Start importing Assets/Prefabs/Player Bullet.prefab using Guid(da1f01bd4d44c814a81cd7db4b6a7c8a) Importer(815301076,1909f56bfc062723c751e8b465ee728b)  -> (artifact id: 'e50c2ee19ef0507e8ad0a0cee0ada125') in 0.110565 seconds
  Import took 0.126845 seconds .

========================================================================
Received Import Request.
  Time since last request: 2.416286 seconds.
  path: Assets/Prefabs/Player Bullet.prefab
  artifactKey: Guid(da1f01bd4d44c814a81cd7db4b6a7c8a) Importer(815301076,1909f56bfc062723c751e8b465ee728b)
Start importing Assets/Prefabs/Player Bullet.prefab using Guid(da1f01bd4d44c814a81cd7db4b6a7c8a) Importer(815301076,1909f56bfc062723c751e8b465ee728b)  -> (artifact id: '6c8eec93c0c1f3ff5cd8caa4a4829f0f') in 0.026428 seconds
  Import took 0.034274 seconds .

========================================================================
Received Import Request.
  Time since last request: 0.007404 seconds.
  path: Assets/Prefabs/Player Bullet.prefab
  artifactKey: Guid(da1f01bd4d44c814a81cd7db4b6a7c8a) Importer(815301076,1909f56bfc062723c751e8b465ee728b)
Start importing Assets/Prefabs/Player Bullet.prefab using Guid(da1f01bd4d44c814a81cd7db4b6a7c8a) Importer(815301076,1909f56bfc062723c751e8b465ee728b)  -> (artifact id: '6c8eec93c0c1f3ff5cd8caa4a4829f0f') in 0.037782 seconds
  Import took 0.047152 seconds .

========================================================================
Received Prepare
Registering precompiled user dll's ...
Registered in 0.002210 seconds.
Begin MonoManager ReloadAssembly
Native extension for WindowsStandalone target not found
Refreshing native plugins compatible for Editor in 0.53 ms, found 1 plugins.
Preloading 0 native plugins for Editor in 0.00 ms.
Invoked RoslynAnalysisRunner static constructor.
RoslynAnalysisRunner will not be running.
RoslynAnalysisRunner has terminated.
Mono: successfully reloaded assembly
- Completed reload, in  1.454 seconds
Platform modules already initialized, skipping
Refreshing native plugins compatible for Editor in 0.54 ms, found 1 plugins.
Preloading 0 native plugins for Editor in 0.00 ms.
Unloading 1806 Unused Serialized files (Serialized files now loaded: 0)
System memory in use before: 88.4 MB.
System memory in use after: 88.4 MB.

Unloading 13 unused Assets to reduce memory usage. Loaded Objects now: 2265.
Total: 4.596900 ms (FindLiveObjects: 0.880700 ms CreateObjectMapping: 0.390200 ms MarkObjects: 3.109300 ms  DeleteObjects: 0.209400 ms)

========================================================================
Received Prepare
Registering precompiled user dll's ...
Registered in 0.001795 seconds.
Begin MonoManager ReloadAssembly
Native extension for WindowsStandalone target not found
Refreshing native plugins compatible for Editor in 0.74 ms, found 1 plugins.
Preloading 0 native plugins for Editor in 0.00 ms.
Invoked RoslynAnalysisRunner static constructor.
RoslynAnalysisRunner will not be running.
RoslynAnalysisRunner has terminated.
Mono: successfully reloaded assembly
- Completed reload, in  2.309 seconds
Platform modules already initialized, skipping
Refreshing native plugins compatible for Editor in 0.98 ms, found 1 plugins.
Preloading 0 native plugins for Editor in 0.00 ms.
Unloading 1806 Unused Serialized files (Serialized files now loaded: 0)
System memory in use before: 88.4 MB.
System memory in use after: 88.4 MB.

Unloading 12 unused Assets to reduce memory usage. Loaded Objects now: 2269.
Total: 8.803800 ms (FindLiveObjects: 1.155700 ms CreateObjectMapping: 0.419600 ms MarkObjects: 6.843000 ms  DeleteObjects: 0.379400 ms)

========================================================================
Received Import Request.
  Time since last request: 1246.421451 seconds.
  path: Assets/Prefabs/Enemy.prefab
  artifactKey: Guid(96961c0e170cca847a725c1bfca2119f) Importer(815301076,1909f56bfc062723c751e8b465ee728b)
Start importing Assets/Prefabs/Enemy.prefab using Guid(96961c0e170cca847a725c1bfca2119f) Importer(815301076,1909f56bfc062723c751e8b465ee728b)  -> (artifact id: 'a4f0256a6cd9de39e4b8847b6f4c84a7') in 0.280070 seconds
  Import took 0.291644 seconds .

========================================================================
Received Import Request.
  Time since last request: 44.714327 seconds.
  path: Assets/Prefabs/Enemy.prefab
  artifactKey: Guid(96961c0e170cca847a725c1bfca2119f) Importer(815301076,1909f56bfc062723c751e8b465ee728b)
Start importing Assets/Prefabs/Enemy.prefab using Guid(96961c0e170cca847a725c1bfca2119f) Importer(815301076,1909f56bfc062723c751e8b465ee728b)  -> (artifact id: 'f87fb426d4122397f8db7f12ad1495f6') in 0.039107 seconds
  Import took 0.050300 seconds .

========================================================================
Received Import Request.
  Time since last request: 0.014202 seconds.
  path: Assets/Prefabs/Enemy.prefab
  artifactKey: Guid(96961c0e170cca847a725c1bfca2119f) Importer(815301076,1909f56bfc062723c751e8b465ee728b)
Start importing Assets/Prefabs/Enemy.prefab using Guid(96961c0e170cca847a725c1bfca2119f) Importer(815301076,1909f56bfc062723c751e8b465ee728b)  -> (artifact id: 'f87fb426d4122397f8db7f12ad1495f6') in 0.046265 seconds
  Import took 0.058481 seconds .

========================================================================
Received Prepare
Registering precompiled user dll's ...
Registered in 0.001577 seconds.
Begin MonoManager ReloadAssembly
Native extension for WindowsStandalone target not found
Refreshing native plugins compatible for Editor in 0.75 ms, found 1 plugins.
Preloading 0 native plugins for Editor in 0.00 ms.
Invoked RoslynAnalysisRunner static constructor.
RoslynAnalysisRunner will not be running.
RoslynAnalysisRunner has terminated.
Mono: successfully reloaded assembly
- Completed reload, in  2.068 seconds
Platform modules already initialized, skipping
Refreshing native plugins compatible for Editor in 1.48 ms, found 1 plugins.
Preloading 0 native plugins for Editor in 0.00 ms.
Unloading 1806 Unused Serialized files (Serialized files now loaded: 0)
System memory in use before: 88.5 MB.
System memory in use after: 88.4 MB.

Unloading 12 unused Assets to reduce memory usage. Loaded Objects now: 2274.
Total: 6.231500 ms (FindLiveObjects: 0.421400 ms CreateObjectMapping: 0.234200 ms MarkObjects: 5.256700 ms  DeleteObjects: 0.315500 ms)

========================================================================
Received Prepare
Registering precompiled user dll's ...
Registered in 0.002592 seconds.
Begin MonoManager ReloadAssembly
Native extension for WindowsStandalone target not found
Refreshing native plugins compatible for Editor in 0.71 ms, found 1 plugins.
Preloading 0 native plugins for Editor in 0.00 ms.
Invoked RoslynAnalysisRunner static constructor.
RoslynAnalysisRunner will not be running.
RoslynAnalysisRunner has terminated.
Mono: successfully reloaded assembly
- Completed reload, in  2.253 seconds
Platform modules already initialized, skipping
Refreshing native plugins compatible for Editor in 0.96 ms, found 1 plugins.
Preloading 0 native plugins for Editor in 0.00 ms.
Unloading 1806 Unused Serialized files (Serialized files now loaded: 0)
System memory in use before: 88.5 MB.
System memory in use after: 88.5 MB.

Unloading 12 unused Assets to reduce memory usage. Loaded Objects now: 2278.
Total: 4.815700 ms (FindLiveObjects: 0.442300 ms CreateObjectMapping: 0.221500 ms MarkObjects: 3.889400 ms  DeleteObjects: 0.258600 ms)

========================================================================
Received Prepare
Registering precompiled user dll's ...
Registered in 0.002001 seconds.
Begin MonoManager ReloadAssembly
Native extension for WindowsStandalone target not found
Refreshing native plugins compatible for Editor in 0.92 ms, found 1 plugins.
Preloading 0 native plugins for Editor in 0.00 ms.
Invoked RoslynAnalysisRunner static constructor.
RoslynAnalysisRunner will not be running.
RoslynAnalysisRunner has terminated.
Mono: successfully reloaded assembly
- Completed reload, in  2.388 seconds
Platform modules already initialized, skipping
Refreshing native plugins compatible for Editor in 0.74 ms, found 1 plugins.
Preloading 0 native plugins for Editor in 0.00 ms.
Unloading 1806 Unused Serialized files (Serialized files now loaded: 0)
System memory in use before: 88.5 MB.
System memory in use after: 88.5 MB.

Unloading 12 unused Assets to reduce memory usage. Loaded Objects now: 2282.
Total: 6.500900 ms (FindLiveObjects: 0.547500 ms CreateObjectMapping: 0.286600 ms MarkObjects: 5.349400 ms  DeleteObjects: 0.313500 ms)

========================================================================
Received Prepare
Registering precompiled user dll's ...
Registered in 0.001880 seconds.
Begin MonoManager ReloadAssembly
Native extension for WindowsStandalone target not found
Refreshing native plugins compatible for Editor in 0.75 ms, found 1 plugins.
Preloading 0 native plugins for Editor in 0.00 ms.
Invoked RoslynAnalysisRunner static constructor.
RoslynAnalysisRunner will not be running.
RoslynAnalysisRunner has terminated.
Mono: successfully reloaded assembly
- Completed reload, in  2.308 seconds
Platform modules already initialized, skipping
Refreshing native plugins compatible for Editor in 0.80 ms, found 1 plugins.
Preloading 0 native plugins for Editor in 0.00 ms.
Unloading 1806 Unused Serialized files (Serialized files now loaded: 0)
System memory in use before: 88.5 MB.
System memory in use after: 88.5 MB.

Unloading 12 unused Assets to reduce memory usage. Loaded Objects now: 2286.
Total: 5.629800 ms (FindLiveObjects: 0.474100 ms CreateObjectMapping: 0.297500 ms MarkObjects: 4.544000 ms  DeleteObjects: 0.311000 ms)

========================================================================
Received Import Request.
  Time since last request: 548.897290 seconds.
  path: Assets/Prefabs/Enemy.prefab
  artifactKey: Guid(96961c0e170cca847a725c1bfca2119f) Importer(815301076,1909f56bfc062723c751e8b465ee728b)
Start importing Assets/Prefabs/Enemy.prefab using Guid(96961c0e170cca847a725c1bfca2119f) Importer(815301076,1909f56bfc062723c751e8b465ee728b)  -> (artifact id: 'd1e732a7f848f7f14a47edf54208779d') in 0.159914 seconds
  Import took 0.168314 seconds .

========================================================================
Received Import Request.
  Time since last request: 0.068355 seconds.
  path: Assets/Prefabs/Enemy.prefab
  artifactKey: Guid(96961c0e170cca847a725c1bfca2119f) Importer(815301076,1909f56bfc062723c751e8b465ee728b)
Start importing Assets/Prefabs/Enemy.prefab using Guid(96961c0e170cca847a725c1bfca2119f) Importer(815301076,1909f56bfc062723c751e8b465ee728b)  -> (artifact id: 'd1e732a7f848f7f14a47edf54208779d') in 0.027159 seconds
  Import took 0.034614 seconds .

========================================================================
Received Prepare
Registering precompiled user dll's ...
Registered in 0.005763 seconds.
Begin MonoManager ReloadAssembly
Native extension for WindowsStandalone target not found
Refreshing native plugins compatible for Editor in 0.81 ms, found 1 plugins.
Preloading 0 native plugins for Editor in 0.00 ms.
Invoked RoslynAnalysisRunner static constructor.
RoslynAnalysisRunner will not be running.
RoslynAnalysisRunner has terminated.
Mono: successfully reloaded assembly
- Completed reload, in  2.332 seconds
Platform modules already initialized, skipping
Refreshing native plugins compatible for Editor in 0.80 ms, found 1 plugins.
Preloading 0 native plugins for Editor in 0.00 ms.
Unloading 1806 Unused Serialized files (Serialized files now loaded: 0)
System memory in use before: 88.5 MB.
System memory in use after: 88.5 MB.

Unloading 12 unused Assets to reduce memory usage. Loaded Objects now: 2291.
Total: 5.938100 ms (FindLiveObjects: 0.547500 ms CreateObjectMapping: 0.267900 ms MarkObjects: 4.799000 ms  DeleteObjects: 0.319900 ms)

========================================================================
Received Prepare
Registering precompiled user dll's ...
Registered in 0.002501 seconds.
Begin MonoManager ReloadAssembly
Native extension for WindowsStandalone target not found
Refreshing native plugins compatible for Editor in 0.95 ms, found 1 plugins.
Preloading 0 native plugins for Editor in 0.00 ms.
Invoked RoslynAnalysisRunner static constructor.
RoslynAnalysisRunner will not be running.
RoslynAnalysisRunner has terminated.
Mono: successfully reloaded assembly
- Completed reload, in  2.160 seconds
Platform modules already initialized, skipping
Refreshing native plugins compatible for Editor in 0.70 ms, found 1 plugins.
Preloading 0 native plugins for Editor in 0.00 ms.
Unloading 1806 Unused Serialized files (Serialized files now loaded: 0)
System memory in use before: 88.5 MB.
System memory in use after: 88.5 MB.

Unloading 12 unused Assets to reduce memory usage. Loaded Objects now: 2295.
Total: 7.565000 ms (FindLiveObjects: 0.724100 ms CreateObjectMapping: 0.326300 ms MarkObjects: 6.114800 ms  DeleteObjects: 0.395600 ms)

========================================================================
Received Prepare
Registering precompiled user dll's ...
Registered in 0.001787 seconds.
Begin MonoManager ReloadAssembly
Native extension for WindowsStandalone target not found
Refreshing native plugins compatible for Editor in 0.68 ms, found 1 plugins.
Preloading 0 native plugins for Editor in 0.00 ms.
Invoked RoslynAnalysisRunner static constructor.
RoslynAnalysisRunner will not be running.
RoslynAnalysisRunner has terminated.
Mono: successfully reloaded assembly
- Completed reload, in  1.424 seconds
Platform modules already initialized, skipping
Refreshing native plugins compatible for Editor in 0.60 ms, found 1 plugins.
Preloading 0 native plugins for Editor in 0.00 ms.
Unloading 1806 Unused Serialized files (Serialized files now loaded: 0)
System memory in use before: 88.5 MB.
System memory in use after: 88.5 MB.

Unloading 12 unused Assets to reduce memory usage. Loaded Objects now: 2299.
Total: 4.429600 ms (FindLiveObjects: 0.725400 ms CreateObjectMapping: 0.238600 ms MarkObjects: 3.234500 ms  DeleteObjects: 0.228500 ms)

========================================================================
Received Prepare
Registering precompiled user dll's ...
Registered in 0.002226 seconds.
Begin MonoManager ReloadAssembly
Native extension for WindowsStandalone target not found
Refreshing native plugins compatible for Editor in 1.21 ms, found 1 plugins.
Preloading 0 native plugins for Editor in 0.00 ms.
Invoked RoslynAnalysisRunner static constructor.
RoslynAnalysisRunner will not be running.
RoslynAnalysisRunner has terminated.
Mono: successfully reloaded assembly
- Completed reload, in  2.061 seconds
Platform modules already initialized, skipping
Refreshing native plugins compatible for Editor in 0.75 ms, found 1 plugins.
Preloading 0 native plugins for Editor in 0.00 ms.
Unloading 1806 Unused Serialized files (Serialized files now loaded: 0)
System memory in use before: 88.6 MB.
System memory in use after: 88.5 MB.

Unloading 12 unused Assets to reduce memory usage. Loaded Objects now: 2303.
Total: 6.441600 ms (FindLiveObjects: 0.575800 ms CreateObjectMapping: 0.258400 ms MarkObjects: 5.243900 ms  DeleteObjects: 0.358600 ms)

========================================================================
Received Prepare
Registering precompiled user dll's ...
Registered in 0.002047 seconds.
Begin MonoManager ReloadAssembly
Native extension for WindowsStandalone target not found
Refreshing native plugins compatible for Editor in 0.84 ms, found 1 plugins.
Preloading 0 native plugins for Editor in 0.00 ms.
Invoked RoslynAnalysisRunner static constructor.
RoslynAnalysisRunner will not be running.
RoslynAnalysisRunner has terminated.
Mono: successfully reloaded assembly
- Completed reload, in  1.395 seconds
Platform modules already initialized, skipping
Refreshing native plugins compatible for Editor in 0.60 ms, found 1 plugins.
Preloading 0 native plugins for Editor in 0.00 ms.
Unloading 1806 Unused Serialized files (Serialized files now loaded: 0)
System memory in use before: 88.6 MB.
System memory in use after: 88.6 MB.

Unloading 12 unused Assets to reduce memory usage. Loaded Objects now: 2307.
Total: 4.267300 ms (FindLiveObjects: 0.570900 ms CreateObjectMapping: 0.246700 ms MarkObjects: 3.246600 ms  DeleteObjects: 0.201300 ms)

========================================================================
Received Prepare
Registering precompiled user dll's ...
Registered in 0.003698 seconds.
Begin MonoManager ReloadAssembly
Native extension for WindowsStandalone target not found
Refreshing native plugins compatible for Editor in 2.07 ms, found 1 plugins.
Preloading 0 native plugins for Editor in 0.00 ms.
Invoked RoslynAnalysisRunner static constructor.
RoslynAnalysisRunner will not be running.
RoslynAnalysisRunner has terminated.
Mono: successfully reloaded assembly
- Completed reload, in  3.223 seconds
Platform modules already initialized, skipping
Refreshing native plugins compatible for Editor in 2.09 ms, found 1 plugins.
Preloading 0 native plugins for Editor in 0.00 ms.
Unloading 1806 Unused Serialized files (Serialized files now loaded: 0)
System memory in use before: 88.6 MB.
System memory in use after: 88.6 MB.

Unloading 12 unused Assets to reduce memory usage. Loaded Objects now: 2311.
Total: 5.823900 ms (FindLiveObjects: 0.795200 ms CreateObjectMapping: 0.331100 ms MarkObjects: 4.413200 ms  DeleteObjects: 0.281100 ms)

========================================================================
Received Prepare
Registering precompiled user dll's ...
Registered in 0.001950 seconds.
Begin MonoManager ReloadAssembly
Native extension for WindowsStandalone target not found
Refreshing native plugins compatible for Editor in 0.84 ms, found 1 plugins.
Preloading 0 native plugins for Editor in 0.00 ms.
Invoked RoslynAnalysisRunner static constructor.
RoslynAnalysisRunner will not be running.
RoslynAnalysisRunner has terminated.
Mono: successfully reloaded assembly
- Completed reload, in  2.194 seconds
Platform modules already initialized, skipping
Refreshing native plugins compatible for Editor in 0.98 ms, found 1 plugins.
Preloading 0 native plugins for Editor in 0.00 ms.
Unloading 1806 Unused Serialized files (Serialized files now loaded: 0)
System memory in use before: 88.6 MB.
System memory in use after: 88.6 MB.

Unloading 12 unused Assets to reduce memory usage. Loaded Objects now: 2315.
Total: 6.612900 ms (FindLiveObjects: 0.629300 ms CreateObjectMapping: 0.228300 ms MarkObjects: 5.437100 ms  DeleteObjects: 0.314700 ms)

========================================================================
Received Prepare
Registering precompiled user dll's ...
Registered in 0.001857 seconds.
Begin MonoManager ReloadAssembly
Native extension for WindowsStandalone target not found
Refreshing native plugins compatible for Editor in 0.54 ms, found 1 plugins.
Preloading 0 native plugins for Editor in 0.00 ms.
Invoked RoslynAnalysisRunner static constructor.
RoslynAnalysisRunner will not be running.
RoslynAnalysisRunner has terminated.
Mono: successfully reloaded assembly
- Completed reload, in  1.368 seconds
Platform modules already initialized, skipping
Refreshing native plugins compatible for Editor in 0.47 ms, found 1 plugins.
Preloading 0 native plugins for Editor in 0.00 ms.
Unloading 1806 Unused Serialized files (Serialized files now loaded: 0)
System memory in use before: 88.6 MB.
System memory in use after: 88.6 MB.

Unloading 12 unused Assets to reduce memory usage. Loaded Objects now: 2319.
Total: 3.665300 ms (FindLiveObjects: 0.314700 ms CreateObjectMapping: 0.500000 ms MarkObjects: 2.673900 ms  DeleteObjects: 0.175200 ms)

========================================================================
Received Prepare
Registering precompiled user dll's ...
Registered in 0.002127 seconds.
Begin MonoManager ReloadAssembly
Native extension for WindowsStandalone target not found
Refreshing native plugins compatible for Editor in 0.76 ms, found 1 plugins.
Preloading 0 native plugins for Editor in 0.00 ms.
Invoked RoslynAnalysisRunner static constructor.
RoslynAnalysisRunner will not be running.
RoslynAnalysisRunner has terminated.
Mono: successfully reloaded assembly
- Completed reload, in  2.164 seconds
Platform modules already initialized, skipping
Refreshing native plugins compatible for Editor in 0.60 ms, found 1 plugins.
Preloading 0 native plugins for Editor in 0.00 ms.
Unloading 1806 Unused Serialized files (Serialized files now loaded: 0)
System memory in use before: 88.6 MB.
System memory in use after: 88.6 MB.

Unloading 12 unused Assets to reduce memory usage. Loaded Objects now: 2323.
Total: 7.223300 ms (FindLiveObjects: 0.727100 ms CreateObjectMapping: 0.897100 ms MarkObjects: 5.266600 ms  DeleteObjects: 0.322600 ms)

========================================================================
Received Prepare
Registering precompiled user dll's ...
Registered in 0.002652 seconds.
Begin MonoManager ReloadAssembly
Native extension for WindowsStandalone target not found
Refreshing native plugins compatible for Editor in 0.71 ms, found 1 plugins.
Preloading 0 native plugins for Editor in 0.00 ms.
Invoked RoslynAnalysisRunner static constructor.
RoslynAnalysisRunner will not be running.
RoslynAnalysisRunner has terminated.
Mono: successfully reloaded assembly
- Completed reload, in  2.193 seconds
Platform modules already initialized, skipping
Refreshing native plugins compatible for Editor in 0.73 ms, found 1 plugins.
Preloading 0 native plugins for Editor in 0.00 ms.
Unloading 1806 Unused Serialized files (Serialized files now loaded: 0)
System memory in use before: 88.6 MB.
System memory in use after: 88.6 MB.

Unloading 12 unused Assets to reduce memory usage. Loaded Objects now: 2327.
Total: 4.734300 ms (FindLiveObjects: 0.465900 ms CreateObjectMapping: 0.234000 ms MarkObjects: 3.768100 ms  DeleteObjects: 0.262800 ms)

========================================================================
Received Import Request.
  Time since last request: 4498.031555 seconds.
  path: Assets/Sprites/barrier.png
  artifactKey: Guid(78e01c48bae4fb647a93d4105e350e4d) Importer(815301076,1909f56bfc062723c751e8b465ee728b)
Start importing Assets/Sprites/barrier.png using Guid(78e01c48bae4fb647a93d4105e350e4d) Importer(815301076,1909f56bfc062723c751e8b465ee728b)  -> (artifact id: '8f6fa32772f62bf27d3c43f19b144c5b') in 0.203277 seconds
  Import took 0.212838 seconds .

========================================================================
Received Import Request.
  Time since last request: 19.103913 seconds.
  path: Assets/Sprites/barrier.png
  artifactKey: Guid(78e01c48bae4fb647a93d4105e350e4d) Importer(815301076,1909f56bfc062723c751e8b465ee728b)
Start importing Assets/Sprites/barrier.png using Guid(78e01c48bae4fb647a93d4105e350e4d) Importer(815301076,1909f56bfc062723c751e8b465ee728b)  -> (artifact id: '4a9271fafe5317f6acf675edbcbe9088') in 0.054811 seconds
  Import took 0.066469 seconds .

========================================================================
Received Import Request.
  Time since last request: 23.987066 seconds.
  path: Assets/Sprites/barrier.png
  artifactKey: Guid(78e01c48bae4fb647a93d4105e350e4d) Importer(815301076,1909f56bfc062723c751e8b465ee728b)
Start importing Assets/Sprites/barrier.png using Guid(78e01c48bae4fb647a93d4105e350e4d) Importer(815301076,1909f56bfc062723c751e8b465ee728b)  -> (artifact id: '013c800504fc70b8d5b07567287ae348') in 0.078516 seconds
  Import took 0.085312 seconds .

========================================================================
Received Import Request.
  Time since last request: 147.927561 seconds.
  path: Assets/Scripts/Barrier_Controler.cs
  artifactKey: Guid(9dd1d4c111fba784da1c7ce5afe0ef12) Importer(815301076,1909f56bfc062723c751e8b465ee728b)
Start importing Assets/Scripts/Barrier_Controler.cs using Guid(9dd1d4c111fba784da1c7ce5afe0ef12) Importer(815301076,1909f56bfc062723c751e8b465ee728b)  -> (artifact id: 'fa0b876d8e207390255ab7b64892da72') in 0.041985 seconds
  Import took 0.051312 seconds .

========================================================================
Received Prepare
Registering precompiled user dll's ...
Registered in 0.001764 seconds.
Begin MonoManager ReloadAssembly
Native extension for WindowsStandalone target not found
Refreshing native plugins compatible for Editor in 0.73 ms, found 1 plugins.
Preloading 0 native plugins for Editor in 0.00 ms.
Invoked RoslynAnalysisRunner static constructor.
RoslynAnalysisRunner will not be running.
RoslynAnalysisRunner has terminated.
Mono: successfully reloaded assembly
- Completed reload, in  2.262 seconds
Platform modules already initialized, skipping
Refreshing native plugins compatible for Editor in 0.73 ms, found 1 plugins.
Preloading 0 native plugins for Editor in 0.00 ms.
Unloading 1807 Unused Serialized files (Serialized files now loaded: 0)
System memory in use before: 88.7 MB.
System memory in use after: 88.7 MB.

Unloading 12 unused Assets to reduce memory usage. Loaded Objects now: 2338.
Total: 5.028400 ms (FindLiveObjects: 0.486800 ms CreateObjectMapping: 0.218400 ms MarkObjects: 4.045000 ms  DeleteObjects: 0.274500 ms)

========================================================================
Received Prepare
Registering precompiled user dll's ...
Registered in 0.002152 seconds.
Begin MonoManager ReloadAssembly
Native extension for WindowsStandalone target not found
Refreshing native plugins compatible for Editor in 0.54 ms, found 1 plugins.
Preloading 0 native plugins for Editor in 0.00 ms.
Invoked RoslynAnalysisRunner static constructor.
RoslynAnalysisRunner will not be running.
RoslynAnalysisRunner has terminated.
Mono: successfully reloaded assembly
- Completed reload, in  2.387 seconds
Platform modules already initialized, skipping
Refreshing native plugins compatible for Editor in 0.91 ms, found 1 plugins.
Preloading 0 native plugins for Editor in 0.00 ms.
Unloading 1806 Unused Serialized files (Serialized files now loaded: 0)
System memory in use before: 88.7 MB.
System memory in use after: 88.6 MB.

Unloading 13 unused Assets to reduce memory usage. Loaded Objects now: 2341.
Total: 7.998000 ms (FindLiveObjects: 0.694100 ms CreateObjectMapping: 0.306300 ms MarkObjects: 6.505900 ms  DeleteObjects: 0.487800 ms)

========================================================================
Received Import Request.
  Time since last request: 36.132652 seconds.
  path: Assets/Scripts/Barrier_Controller.cs
  artifactKey: Guid(ed645ba829aea5142a491bcf3e32f174) Importer(815301076,1909f56bfc062723c751e8b465ee728b)
Start importing Assets/Scripts/Barrier_Controller.cs using Guid(ed645ba829aea5142a491bcf3e32f174) Importer(815301076,1909f56bfc062723c751e8b465ee728b)  -> (artifact id: '72535776eac61e54426876082c2de676') in 0.039494 seconds
  Import took 0.048908 seconds .

========================================================================
Received Prepare
Registering precompiled user dll's ...
Registered in 0.001943 seconds.
Begin MonoManager ReloadAssembly
Native extension for WindowsStandalone target not found
Refreshing native plugins compatible for Editor in 0.73 ms, found 1 plugins.
Preloading 0 native plugins for Editor in 0.00 ms.
Invoked RoslynAnalysisRunner static constructor.
RoslynAnalysisRunner will not be running.
RoslynAnalysisRunner has terminated.
Mono: successfully reloaded assembly
- Completed reload, in  1.934 seconds
Platform modules already initialized, skipping
Refreshing native plugins compatible for Editor in 0.74 ms, found 1 plugins.
Preloading 0 native plugins for Editor in 0.00 ms.
Unloading 1807 Unused Serialized files (Serialized files now loaded: 0)
System memory in use before: 88.7 MB.
System memory in use after: 88.7 MB.

Unloading 12 unused Assets to reduce memory usage. Loaded Objects now: 2346.
Total: 5.124100 ms (FindLiveObjects: 0.466100 ms CreateObjectMapping: 0.395100 ms MarkObjects: 3.984600 ms  DeleteObjects: 0.275600 ms)

========================================================================
Received Prepare
Registering precompiled user dll's ...
Registered in 0.001708 seconds.
Begin MonoManager ReloadAssembly
Native extension for WindowsStandalone target not found
Refreshing native plugins compatible for Editor in 0.78 ms, found 1 plugins.
Preloading 0 native plugins for Editor in 0.00 ms.
Invoked RoslynAnalysisRunner static constructor.
RoslynAnalysisRunner will not be running.
RoslynAnalysisRunner has terminated.
Mono: successfully reloaded assembly
- Completed reload, in  2.165 seconds
Platform modules already initialized, skipping
Refreshing native plugins compatible for Editor in 1.96 ms, found 1 plugins.
Preloading 0 native plugins for Editor in 0.00 ms.
Unloading 1807 Unused Serialized files (Serialized files now loaded: 0)
System memory in use before: 88.7 MB.
System memory in use after: 88.7 MB.

Unloading 12 unused Assets to reduce memory usage. Loaded Objects now: 2350.
Total: 7.731000 ms (FindLiveObjects: 0.598500 ms CreateObjectMapping: 0.410100 ms MarkObjects: 6.291900 ms  DeleteObjects: 0.427500 ms)

========================================================================
Received Import Request.
  Time since last request: 62.810009 seconds.
  path: Assets/Scripts/Barrier_Controller.cs
  artifactKey: Guid(ed645ba829aea5142a491bcf3e32f174) Importer(815301076,1909f56bfc062723c751e8b465ee728b)
Start importing Assets/Scripts/Barrier_Controller.cs using Guid(ed645ba829aea5142a491bcf3e32f174) Importer(815301076,1909f56bfc062723c751e8b465ee728b)  -> (artifact id: '548fa51fca226573ed1a15d05fecfe8a') in 0.035173 seconds
  Import took 0.057241 seconds .

========================================================================
Received Prepare
Registering precompiled user dll's ...
Registered in 0.001872 seconds.
Begin MonoManager ReloadAssembly
Native extension for WindowsStandalone target not found
Refreshing native plugins compatible for Editor in 0.57 ms, found 1 plugins.
Preloading 0 native plugins for Editor in 0.00 ms.
Invoked RoslynAnalysisRunner static constructor.
RoslynAnalysisRunner will not be running.
RoslynAnalysisRunner has terminated.
Mono: successfully reloaded assembly
- Completed reload, in  2.084 seconds
Platform modules already initialized, skipping
Refreshing native plugins compatible for Editor in 0.72 ms, found 1 plugins.
Preloading 0 native plugins for Editor in 0.00 ms.
Unloading 1807 Unused Serialized files (Serialized files now loaded: 0)
System memory in use before: 88.7 MB.
System memory in use after: 88.7 MB.

Unloading 12 unused Assets to reduce memory usage. Loaded Objects now: 2354.
Total: 3.967800 ms (FindLiveObjects: 0.399300 ms CreateObjectMapping: 0.116700 ms MarkObjects: 3.274300 ms  DeleteObjects: 0.175500 ms)

========================================================================
Received Import Request.
  Time since last request: 186.256201 seconds.
  path: Assets/Prefabs/Barrier.prefab
  artifactKey: Guid(1304341561abc0c4a9096ce4af615618) Importer(815301076,1909f56bfc062723c751e8b465ee728b)
Start importing Assets/Prefabs/Barrier.prefab using Guid(1304341561abc0c4a9096ce4af615618) Importer(815301076,1909f56bfc062723c751e8b465ee728b)  -> (artifact id: '654d9f76da323fcb494ac13e3ef7512f') in 0.149253 seconds
  Import took 0.158296 seconds .

========================================================================
Received Prepare
Registering precompiled user dll's ...
Registered in 0.002139 seconds.
Begin MonoManager ReloadAssembly
Native extension for WindowsStandalone target not found
Refreshing native plugins compatible for Editor in 0.55 ms, found 1 plugins.
Preloading 0 native plugins for Editor in 0.00 ms.
Invoked RoslynAnalysisRunner static constructor.
RoslynAnalysisRunner will not be running.
RoslynAnalysisRunner has terminated.
Mono: successfully reloaded assembly
- Completed reload, in  2.405 seconds
Platform modules already initialized, skipping
Refreshing native plugins compatible for Editor in 0.56 ms, found 1 plugins.
Preloading 0 native plugins for Editor in 0.00 ms.
Unloading 1808 Unused Serialized files (Serialized files now loaded: 0)
System memory in use before: 88.7 MB.
System memory in use after: 88.7 MB.

Unloading 12 unused Assets to reduce memory usage. Loaded Objects now: 2360.
Total: 3.973600 ms (FindLiveObjects: 0.728000 ms CreateObjectMapping: 0.163900 ms MarkObjects: 2.881900 ms  DeleteObjects: 0.197400 ms)

========================================================================
Received Import Request.
  Time since last request: 834.890269 seconds.
  path: Assets/Scripts/Score_Controller.cs
  artifactKey: Guid(30b40a4c4057001419a47a714f6f1b76) Importer(815301076,1909f56bfc062723c751e8b465ee728b)
Start importing Assets/Scripts/Score_Controller.cs using Guid(30b40a4c4057001419a47a714f6f1b76) Importer(815301076,1909f56bfc062723c751e8b465ee728b)  -> (artifact id: 'ea3833d8500c4337ab32c44935f4fd01') in 0.021473 seconds
  Import took 0.027179 seconds .

========================================================================
Received Prepare
Registering precompiled user dll's ...
Registered in 0.001808 seconds.
Begin MonoManager ReloadAssembly
Native extension for WindowsStandalone target not found
Refreshing native plugins compatible for Editor in 0.74 ms, found 1 plugins.
Preloading 0 native plugins for Editor in 0.00 ms.
Invoked RoslynAnalysisRunner static constructor.
RoslynAnalysisRunner will not be running.
RoslynAnalysisRunner has terminated.
Mono: successfully reloaded assembly
- Completed reload, in  2.069 seconds
Platform modules already initialized, skipping
Refreshing native plugins compatible for Editor in 0.54 ms, found 1 plugins.
Preloading 0 native plugins for Editor in 0.00 ms.
Unloading 1808 Unused Serialized files (Serialized files now loaded: 0)
System memory in use before: 88.7 MB.
System memory in use after: 88.7 MB.

Unloading 12 unused Assets to reduce memory usage. Loaded Objects now: 2364.
Total: 3.935100 ms (FindLiveObjects: 0.364300 ms CreateObjectMapping: 0.171500 ms MarkObjects: 3.222100 ms  DeleteObjects: 0.175200 ms)

========================================================================
Received Import Request.
  Time since last request: 327.861572 seconds.
  path: Assets/Scripts/Score_Controller.cs
  artifactKey: Guid(30b40a4c4057001419a47a714f6f1b76) Importer(815301076,1909f56bfc062723c751e8b465ee728b)
Start importing Assets/Scripts/Score_Controller.cs using Guid(30b40a4c4057001419a47a714f6f1b76) Importer(815301076,1909f56bfc062723c751e8b465ee728b)  -> (artifact id: 'f55263881eec3ecfe214af1f00fc00db') in 0.026739 seconds
  Import took 0.046559 seconds .

========================================================================
Received Prepare
Registering precompiled user dll's ...
Registered in 0.002931 seconds.
Begin MonoManager ReloadAssembly
Native extension for WindowsStandalone target not found
Refreshing native plugins compatible for Editor in 0.72 ms, found 1 plugins.
Preloading 0 native plugins for Editor in 0.00 ms.
Invoked RoslynAnalysisRunner static constructor.
RoslynAnalysisRunner will not be running.
RoslynAnalysisRunner has terminated.
Mono: successfully reloaded assembly
- Completed reload, in  2.237 seconds
Platform modules already initialized, skipping
Refreshing native plugins compatible for Editor in 1.00 ms, found 1 plugins.
Preloading 0 native plugins for Editor in 0.00 ms.
Unloading 1808 Unused Serialized files (Serialized files now loaded: 0)
System memory in use before: 88.8 MB.
System memory in use after: 88.8 MB.

Unloading 12 unused Assets to reduce memory usage. Loaded Objects now: 2368.
Total: 8.497000 ms (FindLiveObjects: 0.523200 ms CreateObjectMapping: 0.297500 ms MarkObjects: 7.096000 ms  DeleteObjects: 0.575100 ms)

========================================================================
Received Prepare
Registering precompiled user dll's ...
Registered in 0.001889 seconds.
Begin MonoManager ReloadAssembly
Native extension for WindowsStandalone target not found
Refreshing native plugins compatible for Editor in 0.53 ms, found 1 plugins.
Preloading 0 native plugins for Editor in 0.00 ms.
Invoked RoslynAnalysisRunner static constructor.
RoslynAnalysisRunner will not be running.
RoslynAnalysisRunner has terminated.
Mono: successfully reloaded assembly
- Completed reload, in  1.535 seconds
Platform modules already initialized, skipping
Refreshing native plugins compatible for Editor in 0.79 ms, found 1 plugins.
Preloading 0 native plugins for Editor in 0.00 ms.
Unloading 1808 Unused Serialized files (Serialized files now loaded: 0)
System memory in use before: 88.8 MB.
System memory in use after: 88.8 MB.

Unloading 12 unused Assets to reduce memory usage. Loaded Objects now: 2372.
Total: 3.992600 ms (FindLiveObjects: 0.404400 ms CreateObjectMapping: 0.175600 ms MarkObjects: 3.221500 ms  DeleteObjects: 0.188900 ms)

========================================================================
Received Prepare
Registering precompiled user dll's ...
Registered in 0.002223 seconds.
Begin MonoManager ReloadAssembly
Native extension for WindowsStandalone target not found
Refreshing native plugins compatible for Editor in 0.72 ms, found 1 plugins.
Preloading 0 native plugins for Editor in 0.00 ms.
Invoked RoslynAnalysisRunner static constructor.
RoslynAnalysisRunner will not be running.
RoslynAnalysisRunner has terminated.
Mono: successfully reloaded assembly
- Completed reload, in  2.233 seconds
Platform modules already initialized, skipping
Refreshing native plugins compatible for Editor in 0.65 ms, found 1 plugins.
Preloading 0 native plugins for Editor in 0.00 ms.
Unloading 1808 Unused Serialized files (Serialized files now loaded: 0)
System memory in use before: 88.8 MB.
System memory in use after: 88.8 MB.

Unloading 12 unused Assets to reduce memory usage. Loaded Objects now: 2376.
Total: 4.351000 ms (FindLiveObjects: 0.485200 ms CreateObjectMapping: 0.283500 ms MarkObjects: 3.347900 ms  DeleteObjects: 0.231800 ms)

========================================================================
Received Import Request.
  Time since last request: 126.888579 seconds.
  path: Assets/Sprites/nebula-blue.png
  artifactKey: Guid(c494248ec1ffcdf449b48a41cdbc78e0) Importer(815301076,1909f56bfc062723c751e8b465ee728b)
Start importing Assets/Sprites/nebula-blue.png using Guid(c494248ec1ffcdf449b48a41cdbc78e0) Importer(815301076,1909f56bfc062723c751e8b465ee728b)  -> (artifact id: '1200d5bbdc09bca72e1b4775e83513ce') in 0.175170 seconds
  Import took 0.184562 seconds .

========================================================================
Received Import Request.
  Time since last request: 275.653989 seconds.
  path: Assets/Scripts/Background_Controller.cs
  artifactKey: Guid(b63eeb39f7b7fe94987afabbdfee15cd) Importer(815301076,1909f56bfc062723c751e8b465ee728b)
Start importing Assets/Scripts/Background_Controller.cs using Guid(b63eeb39f7b7fe94987afabbdfee15cd) Importer(815301076,1909f56bfc062723c751e8b465ee728b)  -> (artifact id: '80874951734a5a308dac2f048e81099c') in 0.029716 seconds
  Import took 0.037644 seconds .

========================================================================
Received Prepare
Registering precompiled user dll's ...
Registered in 0.002106 seconds.
Begin MonoManager ReloadAssembly
Native extension for WindowsStandalone target not found
Refreshing native plugins compatible for Editor in 0.74 ms, found 1 plugins.
Preloading 0 native plugins for Editor in 0.00 ms.
Invoked RoslynAnalysisRunner static constructor.
RoslynAnalysisRunner will not be running.
RoslynAnalysisRunner has terminated.
Mono: successfully reloaded assembly
- Completed reload, in  2.220 seconds
Platform modules already initialized, skipping
Refreshing native plugins compatible for Editor in 0.71 ms, found 1 plugins.
Preloading 0 native plugins for Editor in 0.00 ms.
Unloading 1809 Unused Serialized files (Serialized files now loaded: 0)
System memory in use before: 88.8 MB.
System memory in use after: 88.8 MB.

Unloading 12 unused Assets to reduce memory usage. Loaded Objects now: 2383.
Total: 5.416200 ms (FindLiveObjects: 0.550000 ms CreateObjectMapping: 0.288500 ms MarkObjects: 4.302500 ms  DeleteObjects: 0.272000 ms)

========================================================================
Received Import Request.
  Time since last request: 129.671047 seconds.
  path: Assets/Scripts/Background_Controller.cs
  artifactKey: Guid(b63eeb39f7b7fe94987afabbdfee15cd) Importer(815301076,1909f56bfc062723c751e8b465ee728b)
Start importing Assets/Scripts/Background_Controller.cs using Guid(b63eeb39f7b7fe94987afabbdfee15cd) Importer(815301076,1909f56bfc062723c751e8b465ee728b)  -> (artifact id: 'd5cc1b7b07c619a91a7992ec9db08420') in 0.020584 seconds
  Import took 0.033892 seconds .

========================================================================
Received Prepare
Registering precompiled user dll's ...
Registered in 0.001974 seconds.
Begin MonoManager ReloadAssembly
Native extension for WindowsStandalone target not found
Refreshing native plugins compatible for Editor in 0.73 ms, found 1 plugins.
Preloading 0 native plugins for Editor in 0.00 ms.
Invoked RoslynAnalysisRunner static constructor.
RoslynAnalysisRunner will not be running.
RoslynAnalysisRunner has terminated.
Mono: successfully reloaded assembly
- Completed reload, in  2.200 seconds
Platform modules already initialized, skipping
Refreshing native plugins compatible for Editor in 0.79 ms, found 1 plugins.
Preloading 0 native plugins for Editor in 0.00 ms.
Unloading 1809 Unused Serialized files (Serialized files now loaded: 0)
System memory in use before: 88.8 MB.
System memory in use after: 88.8 MB.

Unloading 12 unused Assets to reduce memory usage. Loaded Objects now: 2387.
Total: 8.145900 ms (FindLiveObjects: 0.978300 ms CreateObjectMapping: 0.477300 ms MarkObjects: 6.303000 ms  DeleteObjects: 0.383100 ms)

========================================================================
Received Prepare
Registering precompiled user dll's ...
Registered in 0.002255 seconds.
Begin MonoManager ReloadAssembly
Native extension for WindowsStandalone target not found
Refreshing native plugins compatible for Editor in 0.76 ms, found 1 plugins.
Preloading 0 native plugins for Editor in 0.00 ms.
Invoked RoslynAnalysisRunner static constructor.
RoslynAnalysisRunner will not be running.
RoslynAnalysisRunner has terminated.
Mono: successfully reloaded assembly
- Completed reload, in  2.338 seconds
Platform modules already initialized, skipping
Refreshing native plugins compatible for Editor in 0.82 ms, found 1 plugins.
Preloading 0 native plugins for Editor in 0.00 ms.
Unloading 1809 Unused Serialized files (Serialized files now loaded: 0)
System memory in use before: 88.8 MB.
System memory in use after: 88.8 MB.

Unloading 12 unused Assets to reduce memory usage. Loaded Objects now: 2391.
Total: 6.329700 ms (FindLiveObjects: 0.566500 ms CreateObjectMapping: 0.429300 ms MarkObjects: 4.970400 ms  DeleteObjects: 0.359600 ms)

========================================================================
Received Prepare
Registering precompiled user dll's ...
Registered in 0.001886 seconds.
Begin MonoManager ReloadAssembly
Native extension for WindowsStandalone target not found
Refreshing native plugins compatible for Editor in 0.52 ms, found 1 plugins.
Preloading 0 native plugins for Editor in 0.00 ms.
Invoked RoslynAnalysisRunner static constructor.
RoslynAnalysisRunner will not be running.
RoslynAnalysisRunner has terminated.
Mono: successfully reloaded assembly
- Completed reload, in  1.391 seconds
Platform modules already initialized, skipping
Refreshing native plugins compatible for Editor in 0.58 ms, found 1 plugins.
Preloading 0 native plugins for Editor in 0.00 ms.
Unloading 1809 Unused Serialized files (Serialized files now loaded: 0)
System memory in use before: 88.8 MB.
System memory in use after: 88.8 MB.

Unloading 12 unused Assets to reduce memory usage. Loaded Objects now: 2395.
Total: 3.803900 ms (FindLiveObjects: 0.312800 ms CreateObjectMapping: 0.287100 ms MarkObjects: 3.021500 ms  DeleteObjects: 0.180300 ms)

========================================================================
Received Prepare
Registering precompiled user dll's ...
Registered in 0.001863 seconds.
Begin MonoManager ReloadAssembly
Native extension for WindowsStandalone target not found
Refreshing native plugins compatible for Editor in 0.62 ms, found 1 plugins.
Preloading 0 native plugins for Editor in 0.00 ms.
Invoked RoslynAnalysisRunner static constructor.
RoslynAnalysisRunner will not be running.
RoslynAnalysisRunner has terminated.
Mono: successfully reloaded assembly
- Completed reload, in  1.383 seconds
Platform modules already initialized, skipping
Refreshing native plugins compatible for Editor in 0.85 ms, found 1 plugins.
Preloading 0 native plugins for Editor in 0.00 ms.
Unloading 1809 Unused Serialized files (Serialized files now loaded: 0)
System memory in use before: 88.8 MB.
System memory in use after: 88.8 MB.

Unloading 12 unused Assets to reduce memory usage. Loaded Objects now: 2399.
Total: 5.363700 ms (FindLiveObjects: 0.402400 ms CreateObjectMapping: 0.730300 ms MarkObjects: 3.933400 ms  DeleteObjects: 0.295100 ms)

========================================================================
Received Prepare
Registering precompiled user dll's ...
Registered in 0.002465 seconds.
Begin MonoManager ReloadAssembly
Native extension for WindowsStandalone target not found
Refreshing native plugins compatible for Editor in 0.93 ms, found 1 plugins.
Preloading 0 native plugins for Editor in 0.00 ms.
Invoked RoslynAnalysisRunner static constructor.
RoslynAnalysisRunner will not be running.
RoslynAnalysisRunner has terminated.
Mono: successfully reloaded assembly
- Completed reload, in  2.526 seconds
Platform modules already initialized, skipping
Refreshing native plugins compatible for Editor in 1.03 ms, found 1 plugins.
Preloading 0 native plugins for Editor in 0.00 ms.
Unloading 1809 Unused Serialized files (Serialized files now loaded: 0)
System memory in use before: 88.8 MB.
System memory in use after: 88.8 MB.

Unloading 12 unused Assets to reduce memory usage. Loaded Objects now: 2403.
Total: 8.717000 ms (FindLiveObjects: 0.929000 ms CreateObjectMapping: 0.376100 ms MarkObjects: 7.035500 ms  DeleteObjects: 0.371500 ms)

========================================================================
Received Import Request.
  Time since last request: 138.067907 seconds.
  path: Assets/Prefabs/Barrier.prefab
  artifactKey: Guid(1304341561abc0c4a9096ce4af615618) Importer(815301076,1909f56bfc062723c751e8b465ee728b)
Start importing Assets/Prefabs/Barrier.prefab using Guid(1304341561abc0c4a9096ce4af615618) Importer(815301076,1909f56bfc062723c751e8b465ee728b)  -> (artifact id: '03bec3d2f1c7eb0020c83ae4e6fb703b') in 0.126241 seconds
  Import took 0.135554 seconds .

========================================================================
Received Import Request.
  Time since last request: 0.094999 seconds.
  path: Assets/Prefabs/Barrier.prefab
  artifactKey: Guid(1304341561abc0c4a9096ce4af615618) Importer(815301076,1909f56bfc062723c751e8b465ee728b)
Start importing Assets/Prefabs/Barrier.prefab using Guid(1304341561abc0c4a9096ce4af615618) Importer(815301076,1909f56bfc062723c751e8b465ee728b)  -> (artifact id: '03bec3d2f1c7eb0020c83ae4e6fb703b') in 0.024458 seconds
  Import took 0.030788 seconds .

========================================================================
Received Prepare
Registering precompiled user dll's ...
Registered in 0.002943 seconds.
Begin MonoManager ReloadAssembly
Native extension for WindowsStandalone target not found
Refreshing native plugins compatible for Editor in 0.72 ms, found 1 plugins.
Preloading 0 native plugins for Editor in 0.00 ms.
Invoked RoslynAnalysisRunner static constructor.
RoslynAnalysisRunner will not be running.
RoslynAnalysisRunner has terminated.
Mono: successfully reloaded assembly
- Completed reload, in  2.342 seconds
Platform modules already initialized, skipping
Refreshing native plugins compatible for Editor in 1.09 ms, found 1 plugins.
Preloading 0 native plugins for Editor in 0.00 ms.
Unloading 1809 Unused Serialized files (Serialized files now loaded: 0)
System memory in use before: 88.9 MB.
System memory in use after: 88.9 MB.

Unloading 12 unused Assets to reduce memory usage. Loaded Objects now: 2408.
Total: 5.054100 ms (FindLiveObjects: 0.439700 ms CreateObjectMapping: 0.280500 ms MarkObjects: 4.059300 ms  DeleteObjects: 0.269900 ms)

========================================================================
Received Import Request.
  Time since last request: 51.214018 seconds.
  path: Assets/Sprites/nebula-blue.png
  artifactKey: Guid(c494248ec1ffcdf449b48a41cdbc78e0) Importer(815301076,1909f56bfc062723c751e8b465ee728b)
Start importing Assets/Sprites/nebula-blue.png using Guid(c494248ec1ffcdf449b48a41cdbc78e0) Importer(815301076,1909f56bfc062723c751e8b465ee728b)  -> (artifact id: '4d4957c3b9ab30652ce0ad7242f9fb4a') in 0.161342 seconds
  Import took 0.168962 seconds .

========================================================================
Received Prepare
Registering precompiled user dll's ...
Registered in 0.002041 seconds.
Begin MonoManager ReloadAssembly
Native extension for WindowsStandalone target not found
Refreshing native plugins compatible for Editor in 1.01 ms, found 1 plugins.
Preloading 0 native plugins for Editor in 0.00 ms.
Invoked RoslynAnalysisRunner static constructor.
RoslynAnalysisRunner will not be running.
RoslynAnalysisRunner has terminated.
Mono: successfully reloaded assembly
- Completed reload, in  2.437 seconds
Platform modules already initialized, skipping
Refreshing native plugins compatible for Editor in 0.71 ms, found 1 plugins.
Preloading 0 native plugins for Editor in 0.00 ms.
Unloading 1809 Unused Serialized files (Serialized files now loaded: 0)
System memory in use before: 88.9 MB.
System memory in use after: 88.9 MB.

Unloading 12 unused Assets to reduce memory usage. Loaded Objects now: 2413.
Total: 5.666600 ms (FindLiveObjects: 0.484300 ms CreateObjectMapping: 0.189000 ms MarkObjects: 4.707400 ms  DeleteObjects: 0.282800 ms)

========================================================================
Received Prepare
Registering precompiled user dll's ...
Registered in 0.002460 seconds.
Begin MonoManager ReloadAssembly
Native extension for WindowsStandalone target not found
Refreshing native plugins compatible for Editor in 0.74 ms, found 1 plugins.
Preloading 0 native plugins for Editor in 0.00 ms.
Invoked RoslynAnalysisRunner static constructor.
RoslynAnalysisRunner will not be running.
RoslynAnalysisRunner has terminated.
Mono: successfully reloaded assembly
- Completed reload, in  2.467 seconds
Platform modules already initialized, skipping
Refreshing native plugins compatible for Editor in 2.09 ms, found 1 plugins.
Preloading 0 native plugins for Editor in 0.00 ms.
Unloading 1809 Unused Serialized files (Serialized files now loaded: 0)
System memory in use before: 88.9 MB.
System memory in use after: 88.9 MB.

Unloading 12 unused Assets to reduce memory usage. Loaded Objects now: 2417.
Total: 7.344400 ms (FindLiveObjects: 0.539400 ms CreateObjectMapping: 0.365000 ms MarkObjects: 6.143700 ms  DeleteObjects: 0.293000 ms)

========================================================================
Received Import Request.
  Time since last request: 779.385326 seconds.
  path: Assets/Prefabs/Enemy.prefab
  artifactKey: Guid(96961c0e170cca847a725c1bfca2119f) Importer(815301076,1909f56bfc062723c751e8b465ee728b)
Start importing Assets/Prefabs/Enemy.prefab using Guid(96961c0e170cca847a725c1bfca2119f) Importer(815301076,1909f56bfc062723c751e8b465ee728b)  -> (artifact id: '00f35336bfc0f49e7b41cd6210c0bf94') in 0.351853 seconds
  Import took 0.375700 seconds .

========================================================================
Received Prepare
Registering precompiled user dll's ...
Registered in 0.001808 seconds.
Begin MonoManager ReloadAssembly
Native extension for WindowsStandalone target not found
Refreshing native plugins compatible for Editor in 0.79 ms, found 1 plugins.
Preloading 0 native plugins for Editor in 0.00 ms.
Invoked RoslynAnalysisRunner static constructor.
RoslynAnalysisRunner will not be running.
RoslynAnalysisRunner has terminated.
Mono: successfully reloaded assembly
- Completed reload, in  2.466 seconds
Platform modules already initialized, skipping
Refreshing native plugins compatible for Editor in 1.05 ms, found 1 plugins.
Preloading 0 native plugins for Editor in 0.00 ms.
Unloading 1809 Unused Serialized files (Serialized files now loaded: 0)
System memory in use before: 88.9 MB.
System memory in use after: 88.9 MB.

Unloading 12 unused Assets to reduce memory usage. Loaded Objects now: 2422.
Total: 4.910900 ms (FindLiveObjects: 0.432000 ms CreateObjectMapping: 0.203000 ms MarkObjects: 3.995900 ms  DeleteObjects: 0.276700 ms)

========================================================================
Received Prepare
Registering precompiled user dll's ...
Registered in 0.003485 seconds.
Begin MonoManager ReloadAssembly
Native extension for WindowsStandalone target not found
Refreshing native plugins compatible for Editor in 1.18 ms, found 1 plugins.
Preloading 0 native plugins for Editor in 0.00 ms.
Invoked RoslynAnalysisRunner static constructor.
RoslynAnalysisRunner will not be running.
RoslynAnalysisRunner has terminated.
Mono: successfully reloaded assembly
- Completed reload, in  2.936 seconds
Platform modules already initialized, skipping
Refreshing native plugins compatible for Editor in 1.18 ms, found 1 plugins.
Preloading 0 native plugins for Editor in 0.00 ms.
Unloading 1809 Unused Serialized files (Serialized files now loaded: 0)
System memory in use before: 88.9 MB.
System memory in use after: 88.9 MB.

Unloading 12 unused Assets to reduce memory usage. Loaded Objects now: 2426.
Total: 7.304100 ms (FindLiveObjects: 0.463400 ms CreateObjectMapping: 0.262100 ms MarkObjects: 6.212500 ms  DeleteObjects: 0.362900 ms)

AssetImportWorkerClient::OnTransportError - code=2 error=End of file
